# JRE version: Java(TM) SE Runtime Environment (8.0_112-b15) (build 1.8.0_112-b15)
# Java VM: Java HotSpot(TM) 64-Bit Server VM (25.112-b15 mixed mode windows-amd64 compressed oops)
Heap:
 PSYoungGen      total 53760K, used 7727K [0x00000007bc400000, 0x00000007c0000000, 0x00000007c0000000)
  eden space 45568K, 16% used [0x00000007bc400000,0x00000007bcb35010,0x00000007bf080000)
  from space 8192K, 4% used [0x00000007bf800000,0x00000007bf856c18,0x00000007c0000000)
  to   space 7680K, 0% used [0x00000007bf080000,0x00000007bf080000,0x00000007bf800000)
 ParOldGen       total 331264K, used 197288K [0x0000000700000000, 0x0000000714380000, 0x00000007bc400000)
  object space 331264K, 59% used [0x0000000700000000,0x000000070c0aa198,0x0000000714380000)
 Metaspace       used 94577K, capacity 95635K, committed 96128K, reserved 1130496K
  class space    used 14505K, capacity 14718K, committed 14720K, reserved 1048576K
GC Heap History (10 events):
Event: 7815.018 GC heap before
{Heap before GC invocations=619 (full 33):
 PSYoungGen      total 51712K, used 44448K [0x00000007bc400000, 0x00000007c0000000, 0x00000007c0000000)
  eden space 42496K, 100% used [0x00000007bc400000,0x00000007bed80000,0x00000007bed80000)
  from space 9216K, 21% used [0x00000007bed80000,0x00000007bef68000,0x00000007bf680000)
  to   space 9216K, 0% used [0x00000007bf700000,0x00000007bf700000,0x00000007c0000000)
 ParOldGen       total 331264K, used 194913K [0x0000000700000000, 0x0000000714380000, 0x00000007bc400000)
  object space 331264K, 58% used [0x0000000700000000,0x000000070be584d0,0x0000000714380000)
 Metaspace       used 94574K, capacity 95635K, committed 96128K, reserved 1130496K
  class space    used 14505K, capacity 14718K, committed 14720K, reserved 1048576K
Event: 7815.025 GC heap after
Heap after GC invocations=619 (full 33):
 PSYoungGen      total 52736K, used 1568K [0x00000007bc400000, 0x00000007c0000000, 0x00000007c0000000)
  eden space 43520K, 0% used [0x00000007bc400000,0x00000007bc400000,0x00000007bee80000)
  from space 9216K, 17% used [0x00000007bf700000,0x00000007bf888000,0x00000007c0000000)
  to   space 8704K, 0% used [0x00000007bee80000,0x00000007bee80000,0x00000007bf700000)
 ParOldGen       total 331264K, used 195297K [0x0000000700000000, 0x0000000714380000, 0x00000007bc400000)
  object space 331264K, 58% used [0x0000000700000000,0x000000070beb8510,0x0000000714380000)
 Metaspace       used 94574K, capacity 95635K, committed 96128K, reserved 1130496K
  class space    used 14505K, capacity 14718K, committed 14720K, reserved 1048576K
}
Event: 7815.192 GC heap before
{Heap before GC invocations=620 (full 33):
 PSYoungGen      total 52736K, used 45088K [0x00000007bc400000, 0x00000007c0000000, 0x00000007c0000000)
  eden space 43520K, 100% used [0x00000007bc400000,0x00000007bee80000,0x00000007bee80000)
  from space 9216K, 17% used [0x00000007bf700000,0x00000007bf888000,0x00000007c0000000)
  to   space 8704K, 0% used [0x00000007bee80000,0x00000007bee80000,0x00000007bf700000)
 ParOldGen       total 331264K, used 195297K [0x0000000700000000, 0x0000000714380000, 0x00000007bc400000)
  object space 331264K, 58% used [0x0000000700000000,0x000000070beb8510,0x0000000714380000)
 Metaspace       used 94574K, capacity 95635K, committed 96128K, reserved 1130496K
  class space    used 14505K, capacity 14718K, committed 14720K, reserved 1048576K
Event: 7815.200 GC heap after
Heap after GC invocations=620 (full 33):
 PSYoungGen      total 52224K, used 1216K [0x00000007bc400000, 0x00000007c0000000, 0x00000007c0000000)
  eden space 43520K, 0% used [0x00000007bc400000,0x00000007bc400000,0x00000007bee80000)
  from space 8704K, 13% used [0x00000007bee80000,0x00000007befb0000,0x00000007bf700000)
  to   space 8192K, 0% used [0x00000007bf800000,0x00000007bf800000,0x00000007c0000000)
 ParOldGen       total 331264K, used 195665K [0x0000000700000000, 0x0000000714380000, 0x00000007bc400000)
  object space 331264K, 59% used [0x0000000700000000,0x000000070bf14550,0x0000000714380000)
 Metaspace       used 94574K, capacity 95635K, committed 96128K, reserved 1130496K
  class space    used 14505K, capacity 14718K, committed 14720K, reserved 1048576K
}
Event: 7815.349 GC heap before
{Heap before GC invocations=621 (full 33):
 PSYoungGen      total 52224K, used 44736K [0x00000007bc400000, 0x00000007c0000000, 0x00000007c0000000)
  eden space 43520K, 100% used [0x00000007bc400000,0x00000007bee80000,0x00000007bee80000)
  from space 8704K, 13% used [0x00000007bee80000,0x00000007befb0000,0x00000007bf700000)
  to   space 8192K, 0% used [0x00000007bf800000,0x00000007bf800000,0x00000007c0000000)
 ParOldGen       total 331264K, used 195665K [0x0000000700000000, 0x0000000714380000, 0x00000007bc400000)
  object space 331264K, 59% used [0x0000000700000000,0x000000070bf14550,0x0000000714380000)
 Metaspace       used 94574K, capacity 95635K, committed 96128K, reserved 1130496K
  class space    used 14505K, capacity 14718K, committed 14720K, reserved 1048576K
Event: 7815.358 GC heap after
Heap after GC invocations=621 (full 33):
 PSYoungGen      total 53248K, used 448K [0x00000007bc400000, 0x00000007c0000000, 0x00000007c0000000)
  eden space 45056K, 0% used [0x00000007bc400000,0x00000007bc400000,0x00000007bf000000)
  from space 8192K, 5% used [0x00000007bf800000,0x00000007bf870000,0x00000007c0000000)
  to   space 8192K, 0% used [0x00000007bf000000,0x00000007bf000000,0x00000007bf800000)
 ParOldGen       total 331264K, used 196561K [0x0000000700000000, 0x0000000714380000, 0x00000007bc400000)
  object space 331264K, 59% used [0x0000000700000000,0x000000070bff4570,0x0000000714380000)
 Metaspace       used 94574K, capacity 95635K, committed 96128K, reserved 1130496K
  class space    used 14505K, capacity 14718K, committed 14720K, reserved 1048576K
}
Event: 7815.555 GC heap before
{Heap before GC invocations=622 (full 33):
 PSYoungGen      total 53248K, used 45504K [0x00000007bc400000, 0x00000007c0000000, 0x00000007c0000000)
  eden space 45056K, 100% used [0x00000007bc400000,0x00000007bf000000,0x00000007bf000000)
  from space 8192K, 5% used [0x00000007bf800000,0x00000007bf870000,0x00000007c0000000)
  to   space 8192K, 0% used [0x00000007bf000000,0x00000007bf000000,0x00000007bf800000)
 ParOldGen       total 331264K, used 196561K [0x0000000700000000, 0x0000000714380000, 0x00000007bc400000)
  object space 331264K, 59% used [0x0000000700000000,0x000000070bff4570,0x0000000714380000)
 Metaspace       used 94577K, capacity 95635K, committed 96128K, reserved 1130496K
  class space    used 14505K, capacity 14718K, committed 14720K, reserved 1048576K
Event: 7815.562 GC heap after
Heap after GC invocations=622 (full 33):
 PSYoungGen      total 53248K, used 698K [0x00000007bc400000, 0x00000007c0000000, 0x00000007c0000000)
  eden space 45056K, 0% used [0x00000007bc400000,0x00000007bc400000,0x00000007bf000000)
  from space 8192K, 8% used [0x00000007bf000000,0x00000007bf0aebd8,0x00000007bf800000)
  to   space 8192K, 0% used [0x00000007bf800000,0x00000007bf800000,0x00000007c0000000)
 ParOldGen       total 331264K, used 196737K [0x0000000700000000, 0x0000000714380000, 0x00000007bc400000)
  object space 331264K, 59% used [0x0000000700000000,0x000000070c020570,0x0000000714380000)
 Metaspace       used 94577K, capacity 95635K, committed 96128K, reserved 1130496K
  class space    used 14505K, capacity 14718K, committed 14720K, reserved 1048576K
}
Event: 7818.182 GC heap before
{Heap before GC invocations=623 (full 33):
 PSYoungGen      total 53248K, used 45754K [0x00000007bc400000, 0x00000007c0000000, 0x00000007c0000000)
  eden space 45056K, 100% used [0x00000007bc400000,0x00000007bf000000,0x00000007bf000000)
  from space 8192K, 8% used [0x00000007bf000000,0x00000007bf0aebd8,0x00000007bf800000)
  to   space 8192K, 0% used [0x00000007bf800000,0x00000007bf800000,0x00000007c0000000)
 ParOldGen       total 331264K, used 196737K [0x0000000700000000, 0x0000000714380000, 0x00000007bc400000)
  object space 331264K, 59% used [0x0000000700000000,0x000000070c020570,0x0000000714380000)
 Metaspace       used 94577K, capacity 95635K, committed 96128K, reserved 1130496K
  class space    used 14505K, capacity 14718K, committed 14720K, reserved 1048576K
Event: 7818.192 GC heap after
Heap after GC invocations=623 (full 33):
 PSYoungGen      total 53760K, used 347K [0x00000007bc400000, 0x00000007c0000000, 0x00000007c0000000)
  eden space 45568K, 0% used [0x00000007bc400000,0x00000007bc400000,0x00000007bf080000)
  from space 8192K, 4% used [0x00000007bf800000,0x00000007bf856c18,0x00000007c0000000)
  to   space 7680K, 0% used [0x00000007bf080000,0x00000007bf080000,0x00000007bf800000)
 ParOldGen       total 331264K, used 197288K [0x0000000700000000, 0x0000000714380000, 0x00000007bc400000)
  object space 331264K, 59% used [0x0000000700000000,0x000000070c0aa198,0x0000000714380000)
 Metaspace       used 94577K, capacity 95635K, committed 96128K, reserved 1130496K
  class space    used 14505K, capacity 14718K, committed 14720K, reserved 1048576K
}

